[custom_lint] 2025-09-03T17:24:32.483793 Loading dynamic library failed: not a Mach-O shared object
[custom_lint] 2025-09-03T17:24:32.483793 lib/custom_lint_client.dart is not an AOT snapshot, it cannot be run with 'dartaotruntime'
[custom_lint] 2025-09-03T17:24:32.483793
[custom_lint] 2025-09-03T17:24:32.483793
Failed to start pluginsThe request analysis.setContextRoots failed with the following error:
RequestErrorCode.PLUGIN_ERROR
Bad state: Failed to start the plugins.
at:
#0      SocketCustomLintServerToClientChannel._checkInitializationFail.<anonymous closure> (package:custom_lint/src/v2/server_to_client_channel.dart:223)
<asynchronous suspension>
#1      Future.any.onValue (dart:async/future.dart:616)
<asynchronous suspension>

[custom_lint] 2025-09-03T17:25:12.380523 Loading dynamic library failed: not a Mach-O shared object
[custom_lint] 2025-09-03T17:25:12.380523 lib/custom_lint_client.dart is not an AOT snapshot, it cannot be run with 'dartaotruntime'
[custom_lint] 2025-09-03T17:25:12.380523
[custom_lint] 2025-09-03T17:25:12.380523
Failed to start pluginsThe request analysis.setContextRoots failed with the following error:
RequestErrorCode.PLUGIN_ERROR
Bad state: Failed to start the plugins.
at:
#0      SocketCustomLintServerToClientChannel._checkInitializationFail.<anonymous closure> (package:custom_lint/src/v2/server_to_client_channel.dart:223)
<asynchronous suspension>
#1      Future.any.onValue (dart:async/future.dart:616)
<asynchronous suspension>

[custom_lint] 2025-09-18T14:44:53.839395 Loading dynamic library failed: not a Mach-O shared object
[custom_lint] 2025-09-18T14:44:53.839395 lib/custom_lint_client.dart is not an AOT snapshot, it cannot be run with 'dartaotruntime'
[custom_lint] 2025-09-18T14:44:53.839395
[custom_lint] 2025-09-18T14:44:53.839395
Failed to start pluginsThe request analysis.setContextRoots failed with the following error:
RequestErrorCode.PLUGIN_ERROR
Bad state: Failed to start the plugins.
at:
#0      SocketCustomLintServerToClientChannel._checkInitializationFail.<anonymous closure> (package:custom_lint/src/v2/server_to_client_channel.dart:223)
<asynchronous suspension>
#1      Future.any.onValue (dart:async/future.dart:616)
<asynchronous suspension>

[custom_lint] 2025-09-18T14:47:32.714468 Loading dynamic library failed: not a Mach-O shared object
[custom_lint] 2025-09-18T14:47:32.714468 lib/custom_lint_client.dart is not an AOT snapshot, it cannot be run with 'dartaotruntime'
[custom_lint] 2025-09-18T14:47:32.714468
[custom_lint] 2025-09-18T14:47:32.714468
Failed to start pluginsThe request analysis.setContextRoots failed with the following error:
RequestErrorCode.PLUGIN_ERROR
Bad state: Failed to start the plugins.
at:
#0      SocketCustomLintServerToClientChannel._checkInitializationFail.<anonymous closure> (package:custom_lint/src/v2/server_to_client_channel.dart:223)
<asynchronous suspension>
#1      Future.any.onValue (dart:async/future.dart:616)
<asynchronous suspension>

